<?xml version="1.0" encoding="UTF-8"?>
<testng-results ignored="0" total="2" passed="2" failed="0" skipped="0">
  <reporter-output>
  </reporter-output>
  <suite started-at="2024-12-03T12:09:28 IST" name="Suite" finished-at="2024-12-03T12:09:40 IST" duration-ms="11911">
    <groups>
    </groups>
    <test started-at="2024-12-03T12:09:28 IST" name="Chrome" finished-at="2024-12-03T12:09:33 IST" duration-ms="4635">
      <class name="ParallelExecution.Testcase01">
        <test-method is-config="true" signature="BrowserSetup(java.lang.String)[pri:0, instance:ParallelExecution.Testcase01@614ca7df]" started-at="2024-12-03T12:09:28 IST" name="BrowserSetup" finished-at="2024-12-03T12:09:31 IST" duration-ms="2938" status="PASS">
          <params>
            <param index="0">
              <value>
                <![CDATA[chrome]]>
              </value>
            </param>
          </params>
          <reporter-output>
          </reporter-output>
        </test-method> <!-- BrowserSetup -->
        <test-method signature="login()[pri:0, instance:ParallelExecution.Testcase01@614ca7df]" started-at="2024-12-03T12:09:31 IST" name="login" finished-at="2024-12-03T12:09:32 IST" duration-ms="466" status="PASS">
          <reporter-output>
          </reporter-output>
        </test-method> <!-- login -->
        <test-method is-config="true" signature="CloseBrowser()[pri:0, instance:ParallelExecution.Testcase01@614ca7df]" started-at="2024-12-03T12:09:32 IST" name="CloseBrowser" finished-at="2024-12-03T12:09:33 IST" duration-ms="1198" status="PASS">
          <reporter-output>
          </reporter-output>
        </test-method> <!-- CloseBrowser -->
      </class> <!-- ParallelExecution.Testcase01 -->
    </test> <!-- Chrome -->
    <test started-at="2024-12-03T12:09:28 IST" name="Firefox" finished-at="2024-12-03T12:09:40 IST" duration-ms="11911">
      <class name="ParallelExecution.Testcase01">
        <test-method is-config="true" signature="BrowserSetup(java.lang.String)[pri:0, instance:ParallelExecution.Testcase01@60bd273d]" started-at="2024-12-03T12:09:28 IST" name="BrowserSetup" finished-at="2024-12-03T12:09:34 IST" duration-ms="5946" status="PASS">
          <params>
            <param index="0">
              <value>
                <![CDATA[fire]]>
              </value>
            </param>
          </params>
          <reporter-output>
          </reporter-output>
        </test-method> <!-- BrowserSetup -->
        <test-method signature="login()[pri:0, instance:ParallelExecution.Testcase01@60bd273d]" started-at="2024-12-03T12:09:34 IST" name="login" finished-at="2024-12-03T12:09:38 IST" duration-ms="4060" status="PASS">
          <reporter-output>
          </reporter-output>
        </test-method> <!-- login -->
        <test-method is-config="true" signature="CloseBrowser()[pri:0, instance:ParallelExecution.Testcase01@60bd273d]" started-at="2024-12-03T12:09:38 IST" name="CloseBrowser" finished-at="2024-12-03T12:09:40 IST" duration-ms="1877" status="PASS">
          <reporter-output>
          </reporter-output>
        </test-method> <!-- CloseBrowser -->
      </class> <!-- ParallelExecution.Testcase01 -->
    </test> <!-- Firefox -->
  </suite> <!-- Suite -->
</testng-results>
